Traceback (most recent call last):
  File "/opt/hostedtoolcache/Python/3.8.10/x64/lib/python3.8/site-packages/jupyter_cache/executors/utils.py", line 51, in single_nb_execution
    executenb(
  File "/opt/hostedtoolcache/Python/3.8.10/x64/lib/python3.8/site-packages/nbclient/client.py", line 1112, in execute
    return NotebookClient(nb=nb, resources=resources, km=km, **kwargs).execute()
  File "/opt/hostedtoolcache/Python/3.8.10/x64/lib/python3.8/site-packages/nbclient/util.py", line 74, in wrapped
    return just_run(coro(*args, **kwargs))
  File "/opt/hostedtoolcache/Python/3.8.10/x64/lib/python3.8/site-packages/nbclient/util.py", line 53, in just_run
    return loop.run_until_complete(coro)
  File "/opt/hostedtoolcache/Python/3.8.10/x64/lib/python3.8/asyncio/base_events.py", line 616, in run_until_complete
    return future.result()
  File "/opt/hostedtoolcache/Python/3.8.10/x64/lib/python3.8/site-packages/nbclient/client.py", line 553, in async_execute
    await self.async_execute_cell(
  File "/opt/hostedtoolcache/Python/3.8.10/x64/lib/python3.8/site-packages/nbclient/client.py", line 857, in async_execute_cell
    self._check_raise_for_error(cell, exec_reply)
  File "/opt/hostedtoolcache/Python/3.8.10/x64/lib/python3.8/site-packages/nbclient/client.py", line 760, in _check_raise_for_error
    raise CellExecutionError.from_cell_and_msg(cell, exec_reply_content)
nbclient.exceptions.CellExecutionError: An error occurred while executing the following cell:
------------------
join_df = gpd.sjoin(stops_gdf, plz_df, how='inner', op="within")
join_df.drop(['index_right', 'einwohner'], axis=1, inplace=True)
join_df = join_df[join_df['parent_station'] == ""]
join_df.head()
------------------

[0;31m---------------------------------------------------------------------------[0m
[0;31mImportError[0m                               Traceback (most recent call last)
[0;32m/tmp/ipykernel_2219/347435686.py[0m in [0;36m<module>[0;34m[0m
[0;32m----> 1[0;31m [0mjoin_df[0m [0;34m=[0m [0mgpd[0m[0;34m.[0m[0msjoin[0m[0;34m([0m[0mstops_gdf[0m[0;34m,[0m [0mplz_df[0m[0;34m,[0m [0mhow[0m[0;34m=[0m[0;34m'inner'[0m[0;34m,[0m [0mop[0m[0;34m=[0m[0;34m"within"[0m[0;34m)[0m[0;34m[0m[0;34m[0m[0m
[0m[1;32m      2[0m [0mjoin_df[0m[0;34m.[0m[0mdrop[0m[0;34m([0m[0;34m[[0m[0;34m'index_right'[0m[0;34m,[0m [0;34m'einwohner'[0m[0;34m][0m[0;34m,[0m [0maxis[0m[0;34m=[0m[0;36m1[0m[0;34m,[0m [0minplace[0m[0;34m=[0m[0;32mTrue[0m[0;34m)[0m[0;34m[0m[0;34m[0m[0m
[1;32m      3[0m [0mjoin_df[0m [0;34m=[0m [0mjoin_df[0m[0;34m[[0m[0mjoin_df[0m[0;34m[[0m[0;34m'parent_station'[0m[0;34m][0m [0;34m==[0m [0;34m""[0m[0;34m][0m[0;34m[0m[0;34m[0m[0m
[1;32m      4[0m [0mjoin_df[0m[0;34m.[0m[0mhead[0m[0;34m([0m[0;34m)[0m[0;34m[0m[0;34m[0m[0m

[0;32m/opt/hostedtoolcache/Python/3.8.10/x64/lib/python3.8/site-packages/geopandas/tools/sjoin.py[0m in [0;36msjoin[0;34m(left_df, right_df, how, op, lsuffix, rsuffix)[0m
[1;32m     87[0m     [0m_basic_checks[0m[0;34m([0m[0mleft_df[0m[0;34m,[0m [0mright_df[0m[0;34m,[0m [0mhow[0m[0;34m,[0m [0mlsuffix[0m[0;34m,[0m [0mrsuffix[0m[0;34m)[0m[0;34m[0m[0;34m[0m[0m
[1;32m     88[0m [0;34m[0m[0m
[0;32m---> 89[0;31m     [0mindices[0m [0;34m=[0m [0m_geom_predicate_query[0m[0;34m([0m[0mleft_df[0m[0;34m,[0m [0mright_df[0m[0;34m,[0m [0mop[0m[0;34m)[0m[0;34m[0m[0;34m[0m[0m
[0m[1;32m     90[0m [0;34m[0m[0m
[1;32m     91[0m     [0mjoined[0m [0;34m=[0m [0m_frame_join[0m[0;34m([0m[0mindices[0m[0;34m,[0m [0mleft_df[0m[0;34m,[0m [0mright_df[0m[0;34m,[0m [0mhow[0m[0;34m,[0m [0mlsuffix[0m[0;34m,[0m [0mrsuffix[0m[0;34m)[0m[0;34m[0m[0;34m[0m[0m

[0;32m/opt/hostedtoolcache/Python/3.8.10/x64/lib/python3.8/site-packages/geopandas/tools/sjoin.py[0m in [0;36m_geom_predicate_query[0;34m(left_df, right_df, op)[0m
[1;32m    171[0m             [0;31m# see discussion at https://github.com/geopandas/geopandas/pull/1421[0m[0;34m[0m[0;34m[0m[0;34m[0m[0m
[1;32m    172[0m             [0mpredicate[0m [0;34m=[0m [0;34m"contains"[0m[0;34m[0m[0;34m[0m[0m
[0;32m--> 173[0;31m             [0msindex[0m [0;34m=[0m [0mleft_df[0m[0;34m.[0m[0msindex[0m[0;34m[0m[0;34m[0m[0m
[0m[1;32m    174[0m             [0minput_geoms[0m [0;34m=[0m [0mright_df[0m[0;34m.[0m[0mgeometry[0m[0;34m[0m[0;34m[0m[0m
[1;32m    175[0m         [0;32melse[0m[0;34m:[0m[0;34m[0m[0;34m[0m[0m

[0;32m/opt/hostedtoolcache/Python/3.8.10/x64/lib/python3.8/site-packages/geopandas/base.py[0m in [0;36msindex[0;34m(self)[0m
[1;32m   2628[0m                [2]])
[1;32m   2629[0m         """
[0;32m-> 2630[0;31m         [0;32mreturn[0m [0mself[0m[0;34m.[0m[0mgeometry[0m[0;34m.[0m[0mvalues[0m[0;34m.[0m[0msindex[0m[0;34m[0m[0;34m[0m[0m
[0m[1;32m   2631[0m [0;34m[0m[0m
[1;32m   2632[0m     [0;34m@[0m[0mproperty[0m[0;34m[0m[0;34m[0m[0m

[0;32m/opt/hostedtoolcache/Python/3.8.10/x64/lib/python3.8/site-packages/geopandas/array.py[0m in [0;36msindex[0;34m(self)[0m
[1;32m    307[0m     [0;32mdef[0m [0msindex[0m[0;34m([0m[0mself[0m[0;34m)[0m[0;34m:[0m[0;34m[0m[0;34m[0m[0m
[1;32m    308[0m         [0;32mif[0m [0mself[0m[0;34m.[0m[0m_sindex[0m [0;32mis[0m [0;32mNone[0m[0;34m:[0m[0;34m[0m[0;34m[0m[0m
[0;32m--> 309[0;31m             [0mself[0m[0;34m.[0m[0m_sindex[0m [0;34m=[0m [0m_get_sindex_class[0m[0;34m([0m[0;34m)[0m[0;34m([0m[0mself[0m[0;34m.[0m[0mdata[0m[0;34m)[0m[0;34m[0m[0;34m[0m[0m
[0m[1;32m    310[0m         [0;32mreturn[0m [0mself[0m[0;34m.[0m[0m_sindex[0m[0;34m[0m[0;34m[0m[0m
[1;32m    311[0m [0;34m[0m[0m

[0;32m/opt/hostedtoolcache/Python/3.8.10/x64/lib/python3.8/site-packages/geopandas/sindex.py[0m in [0;36m_get_sindex_class[0;34m()[0m
[1;32m     19[0m     [0;32mif[0m [0mcompat[0m[0;34m.[0m[0mHAS_RTREE[0m[0;34m:[0m[0;34m[0m[0;34m[0m[0m
[1;32m     20[0m         [0;32mreturn[0m [0mRTreeIndex[0m[0;34m[0m[0;34m[0m[0m
[0;32m---> 21[0;31m     raise ImportError(
[0m[1;32m     22[0m         [0;34m"Spatial indexes require either `rtree` or `pygeos`. "[0m[0;34m[0m[0;34m[0m[0m
[1;32m     23[0m         [0;34m"See installation instructions at https://geopandas.org/install.html"[0m[0;34m[0m[0;34m[0m[0m

[0;31mImportError[0m: Spatial indexes require either `rtree` or `pygeos`. See installation instructions at https://geopandas.org/install.html
ImportError: Spatial indexes require either `rtree` or `pygeos`. See installation instructions at https://geopandas.org/install.html

